La génération a démarré 29/04/2014 14:32:50.
     1>Projet "C:\Documents and Settings\User\Bureau\tools\numerical.vcxproj" sur le nœud 2 (build cible(s)).
     1>InitializeBuildStatus:
         Création de "Release\numerical.unsuccessfulbuild", car "AlwaysCreate" a été spécifié.
       _SWIG:
       La cible est ignorée "_SWIG", car tous les fichiers de sortie sont à jour par rapport aux fichiers d'entrée.
       ClCompile:
         c:\Program Files\Microsoft Visual Studio 10.0\VC\bin\CL.exe /c /Ic:\python26\include /nologo /W3 /WX- /Ox /Ob1 /Oi /Ot /Oy /GT /GL /D WIN32 /D NDEBUG /D _WINDOWS /D _USRDLL /D EXAMPLE_EXPORTS /D _WINDLL /D _MBCS /Gm- /EHsc /MT /GS /Gy /fp:precise /Zc:wchar_t /Zc:forScope /Yc"StdAfx.h" /Fp"Release\numerical.pch" /Fo"Release\\" /Fd"Release\vc100.pdb" /Gd /TP /analyze- /errorReport:prompt Stdafx.cpp
         Stdafx.cpp
         c:\Program Files\Microsoft Visual Studio 10.0\VC\bin\CL.exe /c /Ic:\python26\include /nologo /W3 /WX- /Ox /Ob1 /Oi /Ot /Oy /GT /GL /D WIN32 /D NDEBUG /D _WINDOWS /D _USRDLL /D EXAMPLE_EXPORTS /D _WINDLL /D _MBCS /Gm- /EHsc /MT /GS /Gy /fp:precise /Zc:wchar_t /Zc:forScope /Fo"Release\\" /Fd"Release\vc100.pdb" /Gd /TP /analyze- /errorReport:prompt numerical.cpp numerical_wrap.cxx
         numerical.cpp
         numerical_wrap.cxx
       ResourceCompile:
         C:\Program Files\Microsoft SDKs\Windows\v7.0A\bin\rc.exe /l"0x0409" /nologo /fo"Release\app.res" app.rc 
     1>C:\Program Files\MSBuild\Microsoft.Cpp\v4.0\Microsoft.CppBuild.targets(990,5): warning MSB8012: TargetPath(C:\Documents and Settings\User\Bureau\tools\Release\numerical.dll) ne correspond pas à la valeur de la propriété OutputFile (C:\Documents and Settings\User\Bureau\tools\_numerical.pyd) de Linker. Cela peut entraîner une génération incorrecte de votre projet. Pour corriger ce problème, vérifiez que les valeurs des propriétés $(OutDir), $(TargetName) et $(TargetExt) correspondent à la valeur spécifiée dans %(Link.OutputFile).
     1>C:\Program Files\MSBuild\Microsoft.Cpp\v4.0\Microsoft.CppBuild.targets(991,5): warning MSB8012: TargetExt(.dll) ne correspond pas à la valeur de la propriété OutputFile (.pyd) de Linker. Cela peut entraîner une génération incorrecte de votre projet. Pour corriger ce problème, vérifiez que les valeurs des propriétés $(OutDir), $(TargetName) et $(TargetExt) correspondent à la valeur spécifiée dans %(Link.OutputFile).
     1>C:\Program Files\MSBuild\Microsoft.Cpp\v4.0\Microsoft.CppBuild.targets(992,5): warning MSB8012: TargetName(numerical) ne correspond pas à la valeur de la propriété OutputFile (_numerical) de Linker. Cela peut entraîner une génération incorrecte de votre projet. Pour corriger ce problème, vérifiez que les valeurs des propriétés $(OutDir), $(TargetName) et $(TargetExt) correspondent à la valeur spécifiée dans %(Link.OutputFile).
       Link:
         c:\Program Files\Microsoft Visual Studio 10.0\VC\bin\link.exe /ERRORREPORT:PROMPT /OUT:"_numerical.pyd" /INCREMENTAL:NO /NOLOGO kernel32.lib user32.lib gdi32.lib winspool.lib comdlg32.lib advapi32.lib shell32.lib ole32.lib oleaut32.lib uuid.lib odbc32.lib odbccp32.lib /MANIFEST /ManifestFile:"Release\numerical.dll.intermediate.manifest" /MANIFESTUAC:"level='asInvoker' uiAccess='false'" /DEBUG /PDB:"C:\Documents and Settings\User\Bureau\tools\Release\numerical.pdb" /TLBID:1 /DYNAMICBASE:NO /IMPLIB:"C:\Documents and Settings\User\Bureau\tools\Release\_numerical.lib" /MACHINE:X86 /DLL Release\app.res
         Release\numerical.obj
         Release\numerical_wrap.obj
         Release\Stdafx.obj
         numerical.obj : .netmodule ou module MSIL compilé avec /GL trouvé ; redémarrage de l'édition de liens avec /LTCG ; ajoutez /LTCG à la ligne de commande de l'édition de liens pour améliorer les performances de l'Éditeur de liens
            Création de la bibliothèque C:\Documents and Settings\User\Bureau\tools\Release\_numerical.lib et de l'objet C:\Documents and Settings\User\Bureau\tools\Release\_numerical.exp
         Génération de code en cours
         Fin de la génération du code
         numerical.vcxproj -> C:\Documents and Settings\User\Bureau\tools\Release\numerical.dll
       Manifest:
         C:\Program Files\Microsoft SDKs\Windows\v7.0A\bin\mt.exe /nologo /verbose /outputresource:"_numerical.pyd;#2" /manifest Release\numerical.dll.intermediate.manifest
       FinalizeBuildStatus:
         Suppression du fichier "Release\numerical.unsuccessfulbuild".
         Mise à jour de l'horodatage "Release\numerical.lastbuildstate".
     1>Génération du projet "C:\Documents and Settings\User\Bureau\tools\numerical.vcxproj" terminée (build cible(s)).

La génération a réussi.

Temps écoulé 00:00:02.17
