L:\PYTHON\QUBIT_SETUP\LIB\SWIG\ACQIRIS\_ACQIRIS.PYD
L:\python\qubit_setup\lib\swig\acqiris\acqiris_wrap.cxx
L:\python\qubit_setup\lib\swig\acqiris\Release\__acqiris.exp
L:\python\qubit_setup\lib\swig\acqiris\Release\__acqiris.lib
L:\PYTHON\QUBIT_SETUP\LIB\SWIG\ACQIRIS\RELEASE\_ACQIRIS.PCH
L:\PYTHON\QUBIT_SETUP\LIB\SWIG\ACQIRIS\RELEASE\_ACQIRIS.PDB
L:\PYTHON\QUBIT_SETUP\LIB\SWIG\ACQIRIS\RELEASE\_ACQIRIS.PYD.INTERMEDIATE.MANIFEST
L:\PYTHON\QUBIT_SETUP\LIB\SWIG\ACQIRIS\RELEASE\ACQIRIS.OBJ
L:\python\qubit_setup\lib\swig\acqiris\Release\acqiris.write.1.tlog
L:\PYTHON\QUBIT_SETUP\LIB\SWIG\ACQIRIS\RELEASE\ACQIRIS_WRAP.OBJ
L:\PYTHON\QUBIT_SETUP\LIB\SWIG\ACQIRIS\RELEASE\APP.RES
L:\python\qubit_setup\lib\swig\acqiris\Release\cl.command.1.tlog
L:\python\qubit_setup\lib\swig\acqiris\Release\CL.read.1.tlog
L:\python\qubit_setup\lib\swig\acqiris\Release\CL.write.1.tlog
L:\python\qubit_setup\lib\swig\acqiris\Release\link.24832.read.1.tlog
L:\python\qubit_setup\lib\swig\acqiris\Release\link.24832.write.1.tlog
L:\python\qubit_setup\lib\swig\acqiris\Release\link.24832-cvtres.read.1.tlog
L:\python\qubit_setup\lib\swig\acqiris\Release\link.24832-cvtres.write.1.tlog
L:\python\qubit_setup\lib\swig\acqiris\Release\link.command.1.tlog
L:\python\qubit_setup\lib\swig\acqiris\Release\link.read.1.tlog
L:\python\qubit_setup\lib\swig\acqiris\Release\link.write.1.tlog
L:\python\qubit_setup\lib\swig\acqiris\Release\mt.command.1.tlog
L:\python\qubit_setup\lib\swig\acqiris\Release\mt.read.1.tlog
L:\python\qubit_setup\lib\swig\acqiris\Release\mt.write.1.tlog
L:\python\qubit_setup\lib\swig\acqiris\Release\rc.command.1.tlog
L:\python\qubit_setup\lib\swig\acqiris\Release\rc.read.1.tlog
L:\python\qubit_setup\lib\swig\acqiris\Release\rc.write.1.tlog
L:\PYTHON\QUBIT_SETUP\LIB\SWIG\ACQIRIS\RELEASE\STDAFX.OBJ
