L:\PYTHON\QUBIT_SETUP\LIB\SWIG\ACQIRIS_QUANTRODLL2\ACQIRIS_QUANTRODLL2\RELEASE\.NETFRAMEWORK,VERSION=V4.0.ASSEMBLYATTRIBUTES.OBJ
L:\PYTHON\QUBIT_SETUP\LIB\SWIG\ACQIRIS_QUANTRODLL2\ACQIRIS_QUANTRODLL2\RELEASE\ACQIRIS_QUANTRODLL2.OBJ
L:\PYTHON\QUBIT_SETUP\LIB\SWIG\ACQIRIS_QUANTRODLL2\ACQIRIS_QUANTRODLL2\RELEASE\ACQIRIS_QUANTRODLL2.PCH
L:\PYTHON\QUBIT_SETUP\LIB\SWIG\ACQIRIS_QUANTRODLL2\ACQIRIS_QUANTRODLL2\RELEASE\ACQIRIS_QUANTRODLL2.PYD.INTERMEDIATE.MANIFEST
L:\python\qubit_setup\lib\swig\acqiris_QuantroDLL2\acqiris_QuantroDLL2\Release\acqiris_QuantroDLL2.write.1.tlog
L:\PYTHON\QUBIT_SETUP\LIB\SWIG\ACQIRIS_QUANTRODLL2\ACQIRIS_QUANTRODLL2\RELEASE\APP.RES
L:\PYTHON\QUBIT_SETUP\LIB\SWIG\ACQIRIS_QUANTRODLL2\ACQIRIS_QUANTRODLL2\RELEASE\ASSEMBLYINFO.OBJ
L:\python\qubit_setup\lib\swig\acqiris_QuantroDLL2\acqiris_QuantroDLL2\Release\cl.command.1.tlog
L:\python\qubit_setup\lib\swig\acqiris_QuantroDLL2\acqiris_QuantroDLL2\Release\CL.read.1.tlog
L:\python\qubit_setup\lib\swig\acqiris_QuantroDLL2\acqiris_QuantroDLL2\Release\CL.write.1.tlog
L:\python\qubit_setup\lib\swig\acqiris_QuantroDLL2\acqiris_QuantroDLL2\Release\CRYPT32.DLL.bi
L:\python\qubit_setup\lib\swig\acqiris_QuantroDLL2\acqiris_QuantroDLL2\Release\custombuild.command.1.tlog
L:\python\qubit_setup\lib\swig\acqiris_QuantroDLL2\acqiris_QuantroDLL2\Release\custombuild.read.1.tlog
L:\python\qubit_setup\lib\swig\acqiris_QuantroDLL2\acqiris_QuantroDLL2\Release\custombuild.write.1.tlog
L:\python\qubit_setup\lib\swig\acqiris_QuantroDLL2\acqiris_QuantroDLL2\Release\link.command.1.tlog
L:\python\qubit_setup\lib\swig\acqiris_QuantroDLL2\acqiris_QuantroDLL2\Release\link.read.1.tlog
L:\python\qubit_setup\lib\swig\acqiris_QuantroDLL2\acqiris_QuantroDLL2\Release\link.write.1.tlog
L:\python\qubit_setup\lib\swig\acqiris_QuantroDLL2\acqiris_QuantroDLL2\Release\link-cvtres.read.1.tlog
L:\python\qubit_setup\lib\swig\acqiris_QuantroDLL2\acqiris_QuantroDLL2\Release\link-cvtres.write.1.tlog
L:\python\qubit_setup\lib\swig\acqiris_QuantroDLL2\acqiris_QuantroDLL2\Release\metagen.read.1.tlog
L:\python\qubit_setup\lib\swig\acqiris_QuantroDLL2\acqiris_QuantroDLL2\Release\metagen.write.1.tlog
L:\python\qubit_setup\lib\swig\acqiris_QuantroDLL2\acqiris_QuantroDLL2\Release\mt.command.1.tlog
L:\python\qubit_setup\lib\swig\acqiris_QuantroDLL2\acqiris_QuantroDLL2\Release\mt.read.1.tlog
L:\python\qubit_setup\lib\swig\acqiris_QuantroDLL2\acqiris_QuantroDLL2\Release\mt.write.1.tlog
L:\python\qubit_setup\lib\swig\acqiris_QuantroDLL2\acqiris_QuantroDLL2\Release\rc.command.1.tlog
L:\python\qubit_setup\lib\swig\acqiris_QuantroDLL2\acqiris_QuantroDLL2\Release\rc.read.1.tlog
L:\python\qubit_setup\lib\swig\acqiris_QuantroDLL2\acqiris_QuantroDLL2\Release\rc.write.1.tlog
L:\python\qubit_setup\lib\swig\acqiris_QuantroDLL2\acqiris_QuantroDLL2\Release\RSAENH.DLL.bi
L:\PYTHON\QUBIT_SETUP\LIB\SWIG\ACQIRIS_QUANTRODLL2\ACQIRIS_QUANTRODLL2\RELEASE\STDAFX.OBJ
L:\PYTHON\QUBIT_SETUP\LIB\SWIG\ACQIRIS_QUANTRODLL2\ACQIRIS_QUANTRODLL2\RELEASE\VC100.PDB
L:\PYTHON\QUBIT_SETUP\LIB\SWIG\ACQIRIS_QUANTRODLL2\RELEASE\ACQIRIS_QUANTRODLL2.PDB
L:\PYTHON\QUBIT_SETUP\LIB\SWIG\ACQIRIS_QUANTRODLL2\RELEASE\ACQIRIS_QUANTRODLL2.PYD
