L:\_WRAP.CPP
L:\LAB_CONTROL\PYTHON\QUBIT_SETUP\LIB\SWIG\ACQIRIS_QUANTRODLL2_COPY\ACQIRIS_QUANTRODLL2\RELEASE\.NETFRAMEWORK,VERSION=V4.0.ASSEMBLYATTRIBUTES.OBJ
L:\LAB_CONTROL\PYTHON\QUBIT_SETUP\LIB\SWIG\ACQIRIS_QUANTRODLL2_COPY\ACQIRIS_QUANTRODLL2\RELEASE\_ACQIRIS_QUANTRODLL2.PCH
L:\LAB_CONTROL\PYTHON\QUBIT_SETUP\LIB\SWIG\ACQIRIS_QUANTRODLL2_COPY\ACQIRIS_QUANTRODLL2\RELEASE\_ACQIRIS_QUANTRODLL2.PYD.INTERMEDIATE.MANIFEST
L:\LAB_CONTROL\PYTHON\QUBIT_SETUP\LIB\SWIG\ACQIRIS_QUANTRODLL2_COPY\ACQIRIS_QUANTRODLL2\RELEASE\ACQIRIS_QUANTRODLL2.OBJ
L:\lab_control\python\qubit_setup\lib\swig\acqiris_QuantroDLL2_Copy\acqiris_QuantroDLL2\Release\acqiris_QuantroDLL2.vcxprojResolveAssemblyReference.cache
L:\lab_control\python\qubit_setup\lib\swig\acqiris_QuantroDLL2_Copy\acqiris_QuantroDLL2\Release\acqiris_QuantroDLL2.write.1.tlog
L:\LAB_CONTROL\PYTHON\QUBIT_SETUP\LIB\SWIG\ACQIRIS_QUANTRODLL2_COPY\ACQIRIS_QUANTRODLL2\RELEASE\ACQIRIS_QUANTRODLL2_WRAP.OBJ
L:\LAB_CONTROL\PYTHON\QUBIT_SETUP\LIB\SWIG\ACQIRIS_QUANTRODLL2_COPY\ACQIRIS_QUANTRODLL2\RELEASE\APP.RES
L:\LAB_CONTROL\PYTHON\QUBIT_SETUP\LIB\SWIG\ACQIRIS_QUANTRODLL2_COPY\ACQIRIS_QUANTRODLL2\RELEASE\ASSEMBLYINFO.OBJ
L:\lab_control\python\qubit_setup\lib\swig\acqiris_QuantroDLL2_Copy\acqiris_QuantroDLL2\Release\cl.command.1.tlog
L:\lab_control\python\qubit_setup\lib\swig\acqiris_QuantroDLL2_Copy\acqiris_QuantroDLL2\Release\CL.read.1.tlog
L:\lab_control\python\qubit_setup\lib\swig\acqiris_QuantroDLL2_Copy\acqiris_QuantroDLL2\Release\CL.write.1.tlog
L:\lab_control\python\qubit_setup\lib\swig\acqiris_QuantroDLL2_Copy\acqiris_QuantroDLL2\Release\custombuild.command.1.tlog
L:\lab_control\python\qubit_setup\lib\swig\acqiris_QuantroDLL2_Copy\acqiris_QuantroDLL2\Release\custombuild.read.1.tlog
L:\lab_control\python\qubit_setup\lib\swig\acqiris_QuantroDLL2_Copy\acqiris_QuantroDLL2\Release\custombuild.write.1.tlog
L:\lab_control\python\qubit_setup\lib\swig\acqiris_QuantroDLL2_Copy\acqiris_QuantroDLL2\Release\link.command.1.tlog
L:\lab_control\python\qubit_setup\lib\swig\acqiris_QuantroDLL2_Copy\acqiris_QuantroDLL2\Release\link.read.1.tlog
L:\lab_control\python\qubit_setup\lib\swig\acqiris_QuantroDLL2_Copy\acqiris_QuantroDLL2\Release\link.write.1.tlog
L:\lab_control\python\qubit_setup\lib\swig\acqiris_QuantroDLL2_Copy\acqiris_QuantroDLL2\Release\link-cvtres.read.1.tlog
L:\lab_control\python\qubit_setup\lib\swig\acqiris_QuantroDLL2_Copy\acqiris_QuantroDLL2\Release\link-cvtres.write.1.tlog
L:\lab_control\python\qubit_setup\lib\swig\acqiris_QuantroDLL2_Copy\acqiris_QuantroDLL2\Release\metagen.read.1.tlog
L:\lab_control\python\qubit_setup\lib\swig\acqiris_QuantroDLL2_Copy\acqiris_QuantroDLL2\Release\metagen.write.1.tlog
L:\lab_control\python\qubit_setup\lib\swig\acqiris_QuantroDLL2_Copy\acqiris_QuantroDLL2\Release\mt.command.1.tlog
L:\lab_control\python\qubit_setup\lib\swig\acqiris_QuantroDLL2_Copy\acqiris_QuantroDLL2\Release\mt.read.1.tlog
L:\lab_control\python\qubit_setup\lib\swig\acqiris_QuantroDLL2_Copy\acqiris_QuantroDLL2\Release\mt.write.1.tlog
L:\lab_control\python\qubit_setup\lib\swig\acqiris_QuantroDLL2_Copy\acqiris_QuantroDLL2\Release\rc.command.1.tlog
L:\lab_control\python\qubit_setup\lib\swig\acqiris_QuantroDLL2_Copy\acqiris_QuantroDLL2\Release\rc.read.1.tlog
L:\lab_control\python\qubit_setup\lib\swig\acqiris_QuantroDLL2_Copy\acqiris_QuantroDLL2\Release\rc.write.1.tlog
L:\lab_control\python\qubit_setup\lib\swig\acqiris_QuantroDLL2_Copy\acqiris_QuantroDLL2\Release\RSAENH.DLL.bi
L:\LAB_CONTROL\PYTHON\QUBIT_SETUP\LIB\SWIG\ACQIRIS_QUANTRODLL2_COPY\ACQIRIS_QUANTRODLL2\RELEASE\STDAFX.OBJ
L:\lab_control\python\qubit_setup\lib\swig\acqiris_QuantroDLL2_Copy\acqiris_QuantroDLL2\Release\TZRES.DLL.bi
L:\LAB_CONTROL\PYTHON\QUBIT_SETUP\LIB\SWIG\ACQIRIS_QUANTRODLL2_COPY\ACQIRIS_QUANTRODLL2\RELEASE\VC100.PDB
L:\lab_control\python\qubit_setup\lib\swig\acqiris_QuantroDLL2_Copy\Release\_acqiris_QuantroDLL2.exp
L:\lab_control\python\qubit_setup\lib\swig\acqiris_QuantroDLL2_Copy\Release\_acqiris_QuantroDLL2.lib
L:\LAB_CONTROL\PYTHON\QUBIT_SETUP\LIB\SWIG\ACQIRIS_QUANTRODLL2_COPY\RELEASE\_ACQIRIS_QUANTRODLL2.PDB
L:\LAB_CONTROL\PYTHON\QUBIT_SETUP\LIB\SWIG\ACQIRIS_QUANTRODLL2_COPY\RELEASE\_ACQIRIS_QUANTRODLL2.PYD
