L:\LAB_CONTROL\PYTHON\QUBIT_SETUP\MACROS\AWG PACK\AWG\AWG\RELEASE\AWG.DLL.INTERMEDIATE.MANIFEST
L:\LAB_CONTROL\PYTHON\QUBIT_SETUP\MACROS\AWG PACK\AWG\AWG\RELEASE\AWG.OBJ
L:\LAB_CONTROL\PYTHON\QUBIT_SETUP\MACROS\AWG PACK\AWG\AWG\RELEASE\AWG.PCH
L:\lab_control\python\qubit_setup\macros\awg pack\awg\awg\Release\awg.write.1.tlog
L:\lab_control\python\qubit_setup\macros\awg pack\awg\awg\Release\cl.command.1.tlog
L:\lab_control\python\qubit_setup\macros\awg pack\awg\awg\Release\CL.read.1.tlog
L:\lab_control\python\qubit_setup\macros\awg pack\awg\awg\Release\CL.write.1.tlog
L:\LAB_CONTROL\PYTHON\QUBIT_SETUP\MACROS\AWG PACK\AWG\AWG\RELEASE\DLLMAIN.OBJ
L:\lab_control\python\qubit_setup\macros\awg pack\awg\awg\Release\link.command.1.tlog
L:\lab_control\python\qubit_setup\macros\awg pack\awg\awg\Release\link.read.1.tlog
L:\lab_control\python\qubit_setup\macros\awg pack\awg\awg\Release\link.write.1.tlog
L:\lab_control\python\qubit_setup\macros\awg pack\awg\awg\Release\mt.command.1.tlog
L:\lab_control\python\qubit_setup\macros\awg pack\awg\awg\Release\mt.read.1.tlog
L:\lab_control\python\qubit_setup\macros\awg pack\awg\awg\Release\mt.write.1.tlog
L:\LAB_CONTROL\PYTHON\QUBIT_SETUP\MACROS\AWG PACK\AWG\AWG\RELEASE\STDAFX.OBJ
L:\LAB_CONTROL\PYTHON\QUBIT_SETUP\MACROS\AWG PACK\AWG\AWG\RELEASE\VC100.PDB
L:\LAB_CONTROL\PYTHON\QUBIT_SETUP\MACROS\AWG PACK\AWG\RELEASE\AWG.DLL
L:\lab_control\python\qubit_setup\macros\awg pack\awg\Release\awg.exp
L:\lab_control\python\qubit_setup\macros\awg pack\awg\Release\awg.lib
L:\LAB_CONTROL\PYTHON\QUBIT_SETUP\MACROS\AWG PACK\AWG\RELEASE\AWG.PDB
