L:\lab_control\python\qubit_setup\macros\demodulation\demodulation_with_precalculated_cosines\demodulation\Release\cl.command.1.tlog
L:\lab_control\python\qubit_setup\macros\demodulation\demodulation_with_precalculated_cosines\demodulation\Release\CL.read.1.tlog
L:\lab_control\python\qubit_setup\macros\demodulation\demodulation_with_precalculated_cosines\demodulation\Release\CL.write.1.tlog
L:\lab_control\python\qubit_setup\macros\demodulation\demodulation_with_precalculated_cosines\demodulation\Release\demodulation.dll.intermediate.manifest
L:\lab_control\python\qubit_setup\macros\demodulation\demodulation_with_precalculated_cosines\demodulation\Release\demodulation.obj
L:\lab_control\python\qubit_setup\macros\demodulation\demodulation_with_precalculated_cosines\demodulation\Release\demodulation.pch
L:\lab_control\python\qubit_setup\macros\demodulation\demodulation_with_precalculated_cosines\demodulation\Release\demodulation.vcxprojResolveAssemblyReference.cache
L:\lab_control\python\qubit_setup\macros\demodulation\demodulation_with_precalculated_cosines\demodulation\Release\demodulation.write.1.tlog
L:\lab_control\python\qubit_setup\macros\demodulation\demodulation_with_precalculated_cosines\demodulation\Release\dllmain.obj
L:\lab_control\python\qubit_setup\macros\demodulation\demodulation_with_precalculated_cosines\demodulation\Release\link.command.1.tlog
L:\lab_control\python\qubit_setup\macros\demodulation\demodulation_with_precalculated_cosines\demodulation\Release\link.read.1.tlog
L:\lab_control\python\qubit_setup\macros\demodulation\demodulation_with_precalculated_cosines\demodulation\Release\link.write.1.tlog
L:\lab_control\python\qubit_setup\macros\demodulation\demodulation_with_precalculated_cosines\demodulation\Release\mt.command.1.tlog
L:\lab_control\python\qubit_setup\macros\demodulation\demodulation_with_precalculated_cosines\demodulation\Release\mt.read.1.tlog
L:\lab_control\python\qubit_setup\macros\demodulation\demodulation_with_precalculated_cosines\demodulation\Release\mt.write.1.tlog
L:\lab_control\python\qubit_setup\macros\demodulation\demodulation_with_precalculated_cosines\demodulation\Release\stdafx.obj
L:\LAB_CONTROL\PYTHON\QUBIT_SETUP\MACROS\DEMODULATION\DEMODULATION_WITH_PRECALCULATED_COSINES\DEMODULATION\RELEASE\VC100.PDB
L:\lab_control\python\qubit_setup\macros\demodulation\demodulation_with_precalculated_cosines\Release\demodulation.dll
L:\lab_control\python\qubit_setup\macros\demodulation\demodulation_with_precalculated_cosines\Release\demodulation.exp
L:\lab_control\python\qubit_setup\macros\demodulation\demodulation_with_precalculated_cosines\Release\demodulation.lib
L:\LAB_CONTROL\PYTHON\QUBIT_SETUP\MACROS\DEMODULATION\DEMODULATION_WITH_PRECALCULATED_COSINES\RELEASE\DEMODULATION.PDB
