

------------------------------
2010-11-24 15:40:50.312000
------------------------------

Traceback (most recent call last):

------------------------------
2010-11-24 15:46:23.724000
------------------------------

  File "L:\python\libs\pyview\ide\codeeditor.py", line 33, in run
    exec(self.code,self._gv,self._gv)
  File "<string>", line 9, in <module>
  File "L:\python\qubit_setup\macros\iq_level_optimization.py", line 232, in calibrateSidebandMixing
    self.calibrateIQOffset([f_c])
  File "L:\python\qubit_setup\macros\iq_level_optimization.py", line 197, in calibrateIQOffset
    (voltages,minimum) = self.optimizeIQMixerPowell()
  File "L:\python\qubit_setup\macros\iq_level_optimization.py", line 282, in optimizeIQMixerPowell
    result = scipy.optimize.fmin_powell(lambda x: self.measurePower(x),[0,0],full_output = 1,xtol = 0.00001,ftol = 1e-8)
  File "C:\Python26\lib\site-packages\scipy\optimize\optimize.py", line 1754, in fmin_powell
    fval, x, direc1 = _linesearch_powell(func, x, direc1, tol=xtol*100)
  File "C:\Python26\lib\site-packages\scipy\optimize\optimize.py", line 1653, in _linesearch_powell
    alpha_min, fret, iter, num = brent(myfunc, full_output=1, tol=tol)
  File "C:\Python26\lib\site-packages\scipy\optimize\optimize.py", line 1475, in brent
    brent.optimize()
  File "C:\Python26\lib\site-packages\scipy\optimize\optimize.py", line 1347, in optimize
    xa,xb,xc,fa,fb,fc,funcalls = self.get_bracket_info()
  File "C:\Python26\lib\site-packages\scipy\optimize\optimize.py", line 1325, in get_bracket_info
    xa,xb,xc,fa,fb,fc,funcalls = bracket(func, args=args)
  File "C:\Python26\lib\site-packages\scipy\optimize\optimize.py", line 1590, in bracket
    fa = func(*(xa,)+args)
  File "C:\Python26\lib\site-packages\scipy\optimize\optimize.py", line 1652, in myfunc
    return func(p + alpha * xi)
  File "C:\Python26\lib\site-packages\scipy\optimize\optimize.py", line 97, in function_wrapper
    return function(x, *args)
  File "L:\python\qubit_setup\macros\iq_level_optimization.py", line 282, in <lambda>
    result = scipy.optimize.fmin_powell(lambda x: self.measurePower(x),[0,0],full_output = 1,xtol = 0.00001,ftol = 1e-8)
  File "L:\python\qubit_setup\macros\iq_level_optimization.py", line 310, in measurePower
    minimum = self.measureAveragePower()
  File "L:\python\qubit_setup\macros\iq_level_optimization.py", line 297, in measureAveragePower
    trace = self._fsp.getSingleTrace()
  File "L:\python\libs\pyview\lib\classes.py", line 298, in <lambda>
    return lambda *args,**kwargs:self.remoteDispatch(attr,args,kwargs)
  File "L:\python\libs\pyview\lib\classes.py", line 279, in remoteDispatch
    result =  self._server.dispatch(self._name,command,args,kwargs)
  File "L:\python\libs\pyview\lib\classes.py", line 263, in <lambda>
    return lambda *args,**kwargs:self._send(attr,args,kwargs)
  File "L:\python\libs\pyview\lib\classes.py", line 254, in _send
    sock.close()
SystemExit
Traceback (most recent call last):

------------------------------
2010-11-24 15:48:50.727000
------------------------------

  File "L:\python\libs\pyview\ide\codeeditor.py", line 33, in run
    exec(self.code,self._gv,self._gv)
  File "<string>", line 9, in <module>
  File "L:\python\qubit_setup\macros\iq_level_optimization.py", line 239, in calibrateSidebandMixing
    result = scipy.optimize.fmin_powell(lambda x,*args: self.measureSidebandPower(x,*args),[0,0],args = [f_sb],full_output = 1,xtol = 0.001,ftol = 1e-4,maxiter = 1)
  File "C:\Python26\lib\site-packages\scipy\optimize\optimize.py", line 1754, in fmin_powell
    fval, x, direc1 = _linesearch_powell(func, x, direc1, tol=xtol*100)
  File "C:\Python26\lib\site-packages\scipy\optimize\optimize.py", line 1653, in _linesearch_powell
    alpha_min, fret, iter, num = brent(myfunc, full_output=1, tol=tol)
  File "C:\Python26\lib\site-packages\scipy\optimize\optimize.py", line 1475, in brent
    brent.optimize()
  File "C:\Python26\lib\site-packages\scipy\optimize\optimize.py", line 1347, in optimize
    xa,xb,xc,fa,fb,fc,funcalls = self.get_bracket_info()
  File "C:\Python26\lib\site-packages\scipy\optimize\optimize.py", line 1325, in get_bracket_info
    xa,xb,xc,fa,fb,fc,funcalls = bracket(func, args=args)
  File "C:\Python26\lib\site-packages\scipy\optimize\optimize.py", line 1591, in bracket
    fb = func(*(xb,)+args)
  File "C:\Python26\lib\site-packages\scipy\optimize\optimize.py", line 1652, in myfunc
    return func(p + alpha * xi)
  File "C:\Python26\lib\site-packages\scipy\optimize\optimize.py", line 97, in function_wrapper
    return function(x, *args)
  File "L:\python\qubit_setup\macros\iq_level_optimization.py", line 239, in <lambda>
    result = scipy.optimize.fmin_powell(lambda x,*args: self.measureSidebandPower(x,*args),[0,0],args = [f_sb],full_output = 1,xtol = 0.001,ftol = 1e-4,maxiter = 1)
  File "L:\python\qubit_setup\macros\iq_level_optimization.py", line 292, in measureSidebandPower
    
  File "L:\python\qubit_setup\macros\iq_level_optimization.py", line 298, in measureAveragePower
    
SystemExit
Exception in thread Thread-29:
Traceback (most recent call last):
  File "C:\Python26\lib\threading.py", line 525, in __bootstrap_inner
    self.run()
  File "L:\python\libs\pyview\ide\codeeditor.py", line 33, in run
    exec(self.code,self._gv,self._gv)
  File "<string>", line 9, in <module>
  File "L:\python\qubit_setup\macros\iq_level_optimization.py", line 239, in calibrateSidebandMixing
    result = scipy.optimize.fmin_powell(lambda x,*args: self.measureSidebandPower(x,*args),[0,0],args = [f_sb],full_output = 1,xtol = 0.001,ftol = 1e-4,maxiter = 1)
  File "C:\Python26\lib\site-packages\scipy\optimize\optimize.py", line 1743, in fmin_powell
    fval = squeeze(func(x))
  File "C:\Python26\lib\site-packages\scipy\optimize\optimize.py", line 97, in function_wrapper
    return function(x, *args)
  File "L:\python\qubit_setup\macros\iq_level_optimization.py", line 239, in <lambda>
    result = scipy.optimize.fmin_powell(lambda x,*args: self.measureSidebandPower(x,*args),[0,0],args = [f_sb],full_output = 1,xtol = 0.001,ftol = 1e-4,maxiter = 1)
  File "L:\python\qubit_setup\macros\iq_level_optimization.py", line 287, in measureSidebandPower
    if c > 0.5 or c < -0.5:
NameError: global name 'c' is not defined

Traceback (most recent call last):
  File "L:\python\libs\pyview\ide\codeeditor.py", line 33, in run
    exec(self.code,self._gv,self._gv)
  File "<string>", line 9, in <module>
  File "L:\python\qubit_setup\macros\iq_level_optimization.py", line 239, in calibrateSidebandMixing
    result = scipy.optimize.fmin_powell(lambda x,*args: self.measureSidebandPower(x,*args),[0,0],args = [f_sb],full_output = 1,xtol = 0.001,ftol = 1e-4,maxiter = 1)
  File "C:\Python26\lib\site-packages\scipy\optimize\optimize.py", line 1743, in fmin_powell
    fval = squeeze(func(x))
  File "C:\Python26\lib\site-packages\scipy\optimize\optimize.py", line 97, in function_wrapper
    return function(x, *args)
  File "L:\python\qubit_setup\macros\iq_level_optimization.py", line 239, in <lambda>
    result = scipy.optimize.fmin_powell(lambda x,*args: self.measureSidebandPower(x,*args),[0,0],args = [f_sb],full_output = 1,xtol = 0.001,ftol = 1e-4,maxiter = 1)
  File "L:\python\qubit_setup\macros\iq_level_optimization.py", line 287, in measureSidebandPower
    if c > 0.5 or c < -0.5:
NameError: global name 'c' is not defined
Exception in thread Thread-30:
Traceback (most recent call last):
  File "C:\Python26\lib\threading.py", line 525, in __bootstrap_inner
    self.run()
  File "L:\python\libs\pyview\ide\codeeditor.py", line 33, in run
    exec(self.code,self._gv,self._gv)
  File "<string>", line 1
    Closing...
            ^
SyntaxError: invalid syntax

Traceback (most recent call last):
  File "L:\python\libs\pyview\ide\codeeditor.py", line 33, in run
    exec(self.code,self._gv,self._gv)
  File "<string>", line 1
     Closing...
             ^
 SyntaxError: invalid syntax
Traceback (most recent call last):

------------------------------
2010-11-24 15:53:33.733000
------------------------------

  File "L:\python\libs\pyview\ide\codeeditor.py", line 33, in run
    exec(self.code,self._gv,self._gv)
  File "<string>", line 9, in <module>
  File "L:\python\qubit_setup\macros\iq_level_optimization.py", line 239, in calibrateSidebandMixing
    result = scipy.optimize.fmin_powell(lambda x,*args: self.measureSidebandPower(x,*args),[0,0],args = [f_sb],full_output = 1,xtol = 0.001,ftol = 1e-4,maxiter = 1)
  File "C:\Python26\lib\site-packages\scipy\optimize\optimize.py", line 1754, in fmin_powell
    fval, x, direc1 = _linesearch_powell(func, x, direc1, tol=xtol*100)
  File "C:\Python26\lib\site-packages\scipy\optimize\optimize.py", line 1653, in _linesearch_powell
    alpha_min, fret, iter, num = brent(myfunc, full_output=1, tol=tol)
  File "C:\Python26\lib\site-packages\scipy\optimize\optimize.py", line 1475, in brent
    brent.optimize()
  File "C:\Python26\lib\site-packages\scipy\optimize\optimize.py", line 1355, in optimize
    fw=fv=fx=func(*((x,)+self.args))
  File "C:\Python26\lib\site-packages\scipy\optimize\optimize.py", line 1652, in myfunc
    return func(p + alpha * xi)
  File "C:\Python26\lib\site-packages\scipy\optimize\optimize.py", line 97, in function_wrapper
    return function(x, *args)
  File "L:\python\qubit_setup\macros\iq_level_optimization.py", line 239, in <lambda>
    result = scipy.optimize.fmin_powell(lambda x,*args: self.measureSidebandPower(x,*args),[0,0],args = [f_sb],full_output = 1,xtol = 0.001,ftol = 1e-4,maxiter = 1)
  File "L:\python\qubit_setup\macros\iq_level_optimization.py", line 297, in measureSidebandPower
    power = self.measureAveragePower()
  File "L:\python\qubit_setup\macros\iq_level_optimization.py", line 302, in measureAveragePower
    trace = self._fsp.getSingleTrace()
  File "L:\python\libs\pyview\lib\classes.py", line 298, in <lambda>
    return lambda *args,**kwargs:self.remoteDispatch(attr,args,kwargs)
  File "L:\python\libs\pyview\lib\classes.py", line 280, in remoteDispatch
    self.notify(command,result)
  File "L:\python\libs\pyview\lib\patterns.py", line 105, in notify
    print sys.exc_info()
SystemExit
Traceback (most recent call last):

------------------------------
2010-11-24 15:55:23.735000
------------------------------

  File "L:\python\libs\pyview\ide\codeeditor.py", line 33, in run
    exec(self.code,self._gv,self._gv)
  File "<string>", line 9, in <module>
  File "L:\python\qubit_setup\macros\iq_level_optimization.py", line 239, in calibrateSidebandMixing
    result = scipy.optimize.fmin_powell(lambda x,*args: self.measureSidebandPower(x,*args),[0,0],args = [f_sb],full_output = 1,xtol = 0.00001,ftol = 1e-4,maxiter = 3)
  File "C:\Python26\lib\site-packages\scipy\optimize\optimize.py", line 1754, in fmin_powell
    fval, x, direc1 = _linesearch_powell(func, x, direc1, tol=xtol*100)
  File "C:\Python26\lib\site-packages\scipy\optimize\optimize.py", line 1653, in _linesearch_powell
    alpha_min, fret, iter, num = brent(myfunc, full_output=1, tol=tol)
  File "C:\Python26\lib\site-packages\scipy\optimize\optimize.py", line 1475, in brent
    brent.optimize()
  File "C:\Python26\lib\site-packages\scipy\optimize\optimize.py", line 1400, in optimize
    fu = func(*((u,)+self.args))      # calculate new output value
  File "C:\Python26\lib\site-packages\scipy\optimize\optimize.py", line 1652, in myfunc
    return func(p + alpha * xi)
  File "C:\Python26\lib\site-packages\scipy\optimize\optimize.py", line 97, in function_wrapper
    return function(x, *args)
  File "L:\python\qubit_setup\macros\iq_level_optimization.py", line 239, in <lambda>
    result = scipy.optimize.fmin_powell(lambda x,*args: self.measureSidebandPower(x,*args),[0,0],args = [f_sb],full_output = 1,xtol = 0.00001,ftol = 1e-4,maxiter = 3)
  File "L:\python\qubit_setup\macros\iq_level_optimization.py", line 295, in measureSidebandPower
    self.generateSidebandWaveform(f_sb = f_sb,c = c,phi = phi)
  File "L:\python\qubit_setup\macros\iq_level_optimization.py", line 121, in generateSidebandWaveform
    self._awg.createRawWaveform("IQ_Sideband_Calibration_I",real(waveformIQ*exp(1.0j*phi)),markers,"REAL")
  File "L:\python\libs\pyview\lib\classes.py", line 298, in <lambda>
    return lambda *args,**kwargs:self.remoteDispatch(attr,args,kwargs)
  File "L:\python\libs\pyview\lib\classes.py", line 279, in remoteDispatch
    result =  self._server.dispatch(self._name,command,args,kwargs)
  File "L:\python\libs\pyview\lib\classes.py", line 263, in <lambda>
    return lambda *args,**kwargs:self._send(attr,args,kwargs)
  File "L:\python\libs\pyview\lib\classes.py", line 240, in _send
    sock = socket.socket(socket.AF_INET, socket.SOCK_STREAM)
  File "C:\Python26\lib\socket.py", line 185, in __init__
    setattr(self, method, getattr(_sock, method))
SystemExit
Exception in thread Thread-33:

------------------------------
2010-11-24 16:23:09.626000
------------------------------

Traceback (most recent call last):
  File "C:\Python26\lib\threading.py", line 525, in __bootstrap_inner
    self.run()
  File "L:\python\libs\pyview\ide\codeeditor.py", line 33, in run
    exec(self.code,self._gv,self._gv)
  File "<string>", line 9, in <module>
  File "L:\python\qubit_setup\macros\iq_level_optimization.py", line 241, in calibrateSidebandMixing
    self._awg.setAmplitude(channels[0],1.0)
  File "C:\Python26\lib\site-packages\scipy\optimize\optimize.py", line 1754, in fmin_powell
    fval, x, direc1 = _linesearch_powell(func, x, direc1, tol=xtol*100)
  File "C:\Python26\lib\site-packages\scipy\optimize\optimize.py", line 1653, in _linesearch_powell
    alpha_min, fret, iter, num = brent(myfunc, full_output=1, tol=tol)
  File "C:\Python26\lib\site-packages\scipy\optimize\optimize.py", line 1475, in brent
    brent.optimize()
  File "C:\Python26\lib\site-packages\scipy\optimize\optimize.py", line 1400, in optimize
    fu = func(*((u,)+self.args))      # calculate new output value
  File "C:\Python26\lib\site-packages\scipy\optimize\optimize.py", line 1652, in myfunc
    return func(p + alpha * xi)
  File "C:\Python26\lib\site-packages\scipy\optimize\optimize.py", line 97, in function_wrapper
    return function(x, *args)
  File "L:\python\qubit_setup\macros\iq_level_optimization.py", line 241, in <lambda>
    self._awg.setAmplitude(channels[0],1.0)
  File "L:\python\qubit_setup\macros\iq_level_optimization.py", line 299, in measureSidebandPower
    return 100
  File "L:\python\qubit_setup\macros\iq_level_optimization.py", line 305, in measureAveragePower
TypeError: 'NoneType' object is unsubscriptable

Traceback (most recent call last):
  File "L:\python\libs\pyview\ide\codeeditor.py", line 33, in run
    exec(self.code,self._gv,self._gv)
  File "<string>", line 9, in <module>
  File "L:\python\qubit_setup\macros\iq_level_optimization.py", line 241, in calibrateSidebandMixing
    self._awg.setAmplitude(channels[0],1.0)
  File "C:\Python26\lib\site-packages\scipy\optimize\optimize.py", line 1754, in fmin_powell
    fval, x, direc1 = _linesearch_powell(func, x, direc1, tol=xtol*100)
  File "C:\Python26\lib\site-packages\scipy\optimize\optimize.py", line 1653, in _linesearch_powell
    alpha_min, fret, iter, num = brent(myfunc, full_output=1, tol=tol)
  File "C:\Python26\lib\site-packages\scipy\optimize\optimize.py", line 1475, in brent
    brent.optimize()
  File "C:\Python26\lib\site-packages\scipy\optimize\optimize.py", line 1400, in optimize
    fu = func(*((u,)+self.args))      # calculate new output value
  File "C:\Python26\lib\site-packages\scipy\optimize\optimize.py", line 1652, in myfunc
    return func(p + alpha * xi)
  File "C:\Python26\lib\site-packages\scipy\optimize\optimize.py", line 97, in function_wrapper
    return function(x, *args)
  File "L:\python\qubit_setup\macros\iq_level_optimization.py", line 241, in <lambda>
    self._awg.setAmplitude(channels[0],1.0)
  File "L:\python\qubit_setup\macros\iq_level_optimization.py", line 299, in measureSidebandPower
    return 100
  File "L:\python\qubit_setup\macros\iq_level_optimization.py", line 305, in measureAveragePower
    
TypeError: 'NoneType' object is unsubscriptable
Traceback (most recent call last):

------------------------------
2010-11-24 16:32:02.595000
------------------------------

  File "L:\python\libs\pyview\ide\instrumentspanel.pyw", line 41, in reloadInstrument
    self.manager.reloadInstrument(str(instrument.text(0)))
  File "L:\python\libs\pyview\helpers\instrumentsmanager.py", line 322, in reloadInstrument
    reload(handle._module)
  File "L:\python\qubit_setup\instruments\qubit.py", line 13, in <module>
    reload(sys.modules["macros.iq_level_optimization"])
  File "L:\python\qubit_setup\macros\iq_level_optimization.py", line 133
    def generateSidebandWaveform(self,f_sb = 0,c = 0,phi = 0,length = 100):
      ^
IndentationError: expected an indented block
Exception in thread Thread-47:

------------------------------
2010-11-24 16:36:43.579000
------------------------------

Traceback (most recent call last):
  File "C:\Python26\lib\threading.py", line 525, in __bootstrap_inner
    self.run()
  File "L:\python\libs\pyview\ide\codeeditor.py", line 33, in run
    exec(self.code,self._gv,self._gv)
  File "<string>", line 9, in <module>
  File "L:\python\qubit_setup\macros\iq_level_optimization.py", line 285, in calibrateSidebandMixing
    self.updateSidebandCalibrationInterpolation()
  File "L:\python\qubit_setup\macros\iq_level_optimization.py", line 66, in updateSidebandCalibrationInterpolation
    self._phiInterpolation = scipy.interpolate.interp1d(f_c,f_sb,self._sidebandCalibrationData.column("phi"))
  File "C:\Python26\lib\site-packages\scipy\interpolate\interpolate.py", line 210, in __init__
    "routines for other types." % kind)
NotImplementedError: [-10.73152097  -1.15944196   0.6242834    1.421092    -1.35596612
  -7.43313377  -0.63932021] is unsupported: Use fitpack routines for other types.

Traceback (most recent call last):
  File "L:\python\libs\pyview\ide\codeeditor.py", line 33, in run
    exec(self.code,self._gv,self._gv)
  File "<string>", line 9, in <module>
  File "L:\python\qubit_setup\macros\iq_level_optimization.py", line 285, in calibrateSidebandMixing
    self.updateSidebandCalibrationInterpolation()
  File "L:\python\qubit_setup\macros\iq_level_optimization.py", line 66, in updateSidebandCalibrationInterpolation
    self._phiInterpolation = scipy.interpolate.interp1d(f_c,f_sb,self._sidebandCalibrationData.column("phi"))
  File "C:\Python26\lib\site-packages\scipy\interpolate\interpolate.py", line 210, in __init__
    "routines for other types." % kind)
NotImplementedError: [-10.73152097  -1.15944196   0.6242834    1.421092    -1.35596612
  -7.43313377  -0.63932021] is unsupported: Use fitpack routines for other types.
